{"name": "Authorized user can create a post", "status": "failed", "statusDetails": {"message": "AssertionError: assert 422 == 200\n +  where 422 = <Response [422]>.status_code", "trace": "@allure.feature(\"Posts\")\n    @allure.title(\"Authorized user can create a post\")\n    def test_create_post():\n        with allure.step(\"Login and get access token\"):\n            token = test_login_success()\n    \n        headers = {\"Authorization\": f\"Bearer {token}\"}\n        post_data = {\"title\": \"Test Post\", \"content\": \"Some content\"}\n    \n        with step_request(\"POST /posts-db/\"):\n            response = requests.post(f\"{BASE_URL}/posts-db/\", headers=headers, json=post_data)\n            attach_response(response)\n    \n        with step_check_status():\n>           assert response.status_code == 200\nE           assert 422 == 200\nE            +  where 422 = <Response [422]>.status_code\n\ntests\\test_auth_flow.py:62: AssertionError"}, "steps": [{"name": "Login and get access token", "status": "passed", "steps": [{"name": "Send request: POST /auth/login", "status": "passed", "attachments": [{"name": "Status Code", "source": "8319f5e7-c172-4977-9e73-5335462a3f35-attachment.txt", "type": "text/plain"}, {"name": "Response Body", "source": "93d5cbbf-edd5-4887-8cde-5d9214c1b507-attachment.json", "type": "application/json"}], "start": 1753783538885, "stop": 1753783540910}, {"name": "Check response status code", "status": "passed", "start": 1753783540910, "stop": 1753783540910}, {"name": "Validate response body content", "status": "passed", "start": 1753783540910, "stop": 1753783540910}], "start": 1753783538885, "stop": 1753783540912}, {"name": "Send request: POST /posts-db/", "status": "passed", "attachments": [{"name": "Status Code", "source": "bf805e07-bfa5-426d-ba87-2324245af228-attachment.txt", "type": "text/plain"}, {"name": "Response Body", "source": "aaeaa315-0c37-46bf-a1a9-4649d93e61be-attachment.json", "type": "application/json"}], "start": 1753783540912, "stop": 1753783542968}, {"name": "Check response status code", "status": "failed", "statusDetails": {"message": "AssertionError: assert 422 == 200\n +  where 422 = <Response [422]>.status_code\n", "trace": "  File \"C:\\Users\\kmish\\Desktop\\projects\\fullstack_pet_project\\tests\\test_auth_flow.py\", line 62, in test_create_post\n    assert response.status_code == 200\n"}, "start": 1753783542968, "stop": 1753783542968}], "start": 1753783538884, "stop": 1753783542969, "uuid": "4d08bfeb-195a-415d-b10d-be83f47a9847", "historyId": "a223857426b4a05bbe71b9252b056f2e", "testCaseId": "a223857426b4a05bbe71b9252b056f2e", "fullName": "tests.test_auth_flow#test_create_post", "labels": [{"name": "feature", "value": "Posts"}, {"name": "parentSuite", "value": "tests"}, {"name": "suite", "value": "test_auth_flow"}, {"name": "host", "value": "LAPTOP-IKM1QBQF"}, {"name": "thread", "value": "23668-MainThread"}, {"name": "framework", "value": "pytest"}, {"name": "language", "value": "cpython3"}, {"name": "package", "value": "tests.test_auth_flow"}], "titlePath": ["tests", "test_auth_flow.py"]}